\BOOKMARK [0][-]{chapter.1}{\376\377\000L\000'\000U\000N\000I\000X\000\040\000p\000e\000r\000\040\000i\000\040\000p\000r\000i\000n\000c\000i\000p\000i\000a\000n\000t\000i}{}% 1
\BOOKMARK [1][-]{section.1.1}{\376\377\000C\000o\000m\000e\000\040\000c\000o\000m\000i\000n\000c\000i\000a\000r\000e}{chapter.1}% 2
\BOOKMARK [2][-]{subsection.1.1.1}{\376\377\000\040\000A\000l\000c\000u\000n\000i\000\040\000p\000r\000e\000r\000e\000q\000u\000i\000s\000i\000t\000i\000\040\000a\000\040\000p\000r\000o\000p\000o\000s\000i\000t\000o\000\040\000d\000i\000\040\000t\000e\000r\000m\000i\000n\000a\000l\000i\000\040\000e\000\040\000d\000i\000\040\000d\000a\000t\000t\000i\000l\000o\000\040\000s\000c\000r\000i\000t\000t\000u\000r\000a}{section.1.1}% 3
\BOOKMARK [2][-]{subsection.1.1.2}{\376\377\000U\000n\000\040\000e\000s\000e\000m\000p\000i\000o\000\040\000d\000i\000\040\000c\000o\000l\000l\000e\000g\000a\000m\000e\000n\000t\000o\000\040\000i\000n\000\040\000U\000N\000I\000X}{section.1.1}% 4
\BOOKMARK [2][-]{subsection.1.1.3}{\376\377\000O\000p\000e\000r\000a\000z\000i\000o\000n\000i\000\040\000d\000i\000\040\000c\000o\000l\000l\000e\000g\000a\000m\000e\000n\000t\000o}{section.1.1}% 5
\BOOKMARK [2][-]{subsection.1.1.4}{\376\377\000C\000o\000m\000a\000n\000d\000i\000\040\000d\000i\000\040\000b\000a\000t\000t\000i\000t\000u\000r\000a}{section.1.1}% 6
\BOOKMARK [2][-]{subsection.1.1.5}{\376\377\000C\000o\000m\000p\000o\000r\000t\000a\000m\000e\000n\000t\000o\000\040\000s\000t\000r\000a\000n\000o\000\040\000d\000e\000l\000\040\000t\000e\000r\000m\000i\000n\000a\000l\000e}{section.1.1}% 7
\BOOKMARK [2][-]{subsection.1.1.6}{\376\377\000E\000r\000r\000o\000r\000i\000\040\000d\000i\000\040\000b\000a\000t\000t\000i\000t\000u\000r\000a}{section.1.1}% 8
\BOOKMARK [2][-]{subsection.1.1.7}{\376\377\000I\000m\000m\000i\000s\000s\000i\000o\000n\000e\000/\000e\000m\000i\000s\000s\000i\000o\000n\000e\000\040\000c\000o\000n\000t\000e\000m\000p\000o\000r\000a\000n\000e\000a\000\040\000d\000i\000\040\000t\000e\000s\000t\000i}{section.1.1}% 9
\BOOKMARK [2][-]{subsection.1.1.8}{\376\377\000C\000o\000m\000e\000\040\000a\000r\000r\000e\000s\000t\000a\000r\000e\000\040\000u\000n\000\040\000p\000r\000o\000g\000r\000a\000m\000m\000a}{section.1.1}% 10
\BOOKMARK [2][-]{subsection.1.1.9}{\376\377\000C\000o\000m\000e\000\040\000s\000c\000o\000l\000l\000e\000g\000a\000r\000s\000i}{section.1.1}% 11
\BOOKMARK [2][-]{subsection.1.1.10}{\376\377\000C\000o\000r\000r\000i\000s\000p\000o\000n\000d\000e\000n\000z\000a}{section.1.1}% 12
\BOOKMARK [2][-]{subsection.1.1.11}{\376\377\000D\000i\000a\000l\000o\000g\000h\000i\000\040\000t\000r\000a\000\040\000g\000l\000i\000\040\000u\000t\000e\000n\000t\000i}{section.1.1}% 13
\BOOKMARK [2][-]{subsection.1.1.12}{\376\377\000S\000e\000r\000v\000i\000z\000i\000o\000\040\000i\000n\000f\000o\000r\000m\000a\000z\000i\000o\000n\000i}{section.1.1}% 14
\BOOKMARK [2][-]{subsection.1.1.13}{\376\377\000I\000l\000\040\000M\000a\000n\000u\000a\000l\000e\000\040\000d\000i\000\040\000p\000r\000o\000g\000r\000a\000m\000m\000a\000z\000i\000o\000n\000e}{section.1.1}% 15
\BOOKMARK [2][-]{subsection.1.1.14}{\376\377\000A\000d\000d\000e\000s\000t\000r\000a\000m\000e\000n\000t\000o\000\040\000c\000o\000n\000\040\000i\000l\000\040\000c\000a\000l\000c\000o\000l\000a\000t\000o\000r\000e}{section.1.1}% 16
\BOOKMARK [2][-]{subsection.1.1.15}{\376\377\000G\000i\000o\000c\000h\000i}{section.1.1}% 17
\BOOKMARK [1][-]{section.1.2}{\376\377\000O\000p\000e\000r\000a\000z\000i\000o\000n\000i\000\040\000q\000u\000o\000t\000i\000d\000i\000a\000n\000e\000:\000\040\000f\000i\000l\000e\000\040\000e\000\040\000c\000o\000m\000a\000n\000d\000i\000\040\000p\000i\000\371\000\040\000c\000o\000m\000u\000n\000i}{chapter.1}% 18
\BOOKMARK [2][-]{subsection.1.2.1}{\376\377\000C\000r\000e\000a\000z\000i\000o\000n\000e\000\040\000d\000i\000\040\000f\000i\000l\000e\000:\000\040\000i\000l\000\040\000p\000r\000o\000g\000r\000a\000m\000m\000a\000\040\000`\000`\000e\000d\000i\000t\000o\000r\000'\000'}{section.1.2}% 19
\BOOKMARK [2][-]{subsection.1.2.2}{\376\377\000Q\000u\000a\000l\000i\000\040\000s\000o\000n\000o\000\040\000i\000\040\000f\000i\000l\000e\000\040\000e\000s\000i\000s\000t\000e\000n\000t\000i\000?}{section.1.2}% 20
\BOOKMARK [2][-]{subsection.1.2.3}{\376\377\000S\000t\000a\000m\000p\000a\000\040\000d\000i\000\040\000f\000i\000l\000e\000:\000\040\000i\000\040\000c\000o\000m\000a\000n\000d\000i\000\040\000c\000a\000t\000\040\000e\000\040\000p\000r}{section.1.2}% 21
\BOOKMARK [2][-]{subsection.1.2.4}{\376\377\000R\000i\000d\000e\000n\000o\000m\000i\000n\000a\000z\000i\000o\000n\000e\000,\000\040\000c\000o\000p\000i\000a\000t\000u\000r\000a\000\040\000e\000\040\000c\000a\000n\000c\000e\000l\000l\000a\000z\000i\000o\000n\000e\000\040\000d\000i\000\040\000f\000i\000l\000e\000:\000\040\000m\000v\000,\000\040\000c\000p\000,\000\040\000r\000m}{section.1.2}% 22
\BOOKMARK [2][-]{subsection.1.2.5}{\376\377\000C\000o\000s\000a\000\040\000c\000o\000m\000p\000r\000e\000n\000d\000e\000\040\000i\000l\000\040\000n\000o\000m\000e\000\040\000d\000i\000\040\000u\000n\000\040\000f\000i\000l\000e\000?}{section.1.2}% 23
\BOOKMARK [2][-]{subsection.1.2.6}{\376\377\000Q\000u\000a\000l\000c\000h\000e\000\040\000c\000o\000m\000a\000n\000d\000o\000\040\000u\000t\000i\000l\000e}{section.1.2}% 24
\BOOKMARK [2][-]{subsection.1.2.7}{\376\377\000U\000n\000\040\000r\000i\000a\000s\000s\000u\000n\000t\000o\000\040\000d\000e\000i\000\040\000c\000o\000m\000a\000n\000d\000i\000\040\000p\000e\000r\000\040\000l\000a\000\040\000g\000e\000s\000t\000i\000o\000n\000e\000\040\000d\000e\000i\000\040\000f\000i\000l\000e}{section.1.2}% 25
\BOOKMARK [1][-]{section.1.3}{\376\377\000A\000l\000t\000r\000e\000\040\000i\000n\000f\000o\000r\000m\000a\000z\000i\000o\000n\000i\000\040\000s\000u\000i\000\040\000f\000i\000l\000e\000:\000\040\000l\000e\000\040\000a\000r\000e\000e\000\040\000d\000i\000\040\000l\000a\000v\000o\000r\000o\000\040\000e\000\040\000i\000\040\000r\000e\000l\000a\000t\000i\000v\000i\000\040\000i\000n\000d\000i\000c\000i\000\040\000\050\000d\000i\000r\000e\000c\000t\000o\000r\000i\000e\000s\000\051}{chapter.1}% 26
\BOOKMARK [2][-]{subsection.1.3.1}{\376\377\000C\000a\000m\000b\000i\000o\000\040\000d\000i\000\040\000a\000r\000e\000a\000\040\000d\000i\000\040\000l\000a\000v\000o\000r\000o\000:\000\040\000c\000d}{section.1.3}% 27
\BOOKMARK [1][-]{section.1.4}{\376\377\000L\000'\000i\000n\000t\000e\000r\000p\000r\000e\000t\000e\000\040\000\050\000s\000h\000e\000l\000l\000\051}{chapter.1}% 28
\BOOKMARK [2][-]{subsection.1.4.1}{\376\377\000A\000b\000b\000r\000e\000v\000i\000a\000z\000i\000o\000n\000i\000\040\000d\000e\000i\000\040\000n\000o\000m\000i\000\040\000d\000i\000\040\000f\000i\000l\000e}{section.1.4}% 29
\BOOKMARK [2][-]{subsection.1.4.2}{\376\377\000I\000n\000d\000i\000r\000i\000z\000z\000a\000m\000e\000n\000t\000o\000\040\000d\000e\000l\000l\000'\000i\000n\000p\000u\000t\000\040\000/\000\040\000o\000u\000t\000p\000u\000t}{section.1.4}% 30
\BOOKMARK [2][-]{subsection.1.4.3}{\376\377\000R\000a\000c\000c\000o\000r\000d\000o\000\040\000d\000i\000r\000e\000t\000t\000o\000\040\000t\000r\000a\000\040\000i\000\040\000p\000r\000o\000g\000r\000a\000m\000m\000i\000\040\000\050\000p\000i\000p\000e\000s\000\051}{section.1.4}% 31
